<!DOCTYPE html>

<html>
  <head>
  <meta charset='utf-8'>
  <title>TestNG reports</title>

    <link type="text/css" href="testng-reports1.css" rel="stylesheet" id="ultra" />
    <link type="text/css" href="testng-reports.css" rel="stylesheet" id="retro" disabled="false"/>
    <script type="text/javascript" src="jquery.min.js"></script>
    <script type="text/javascript" src="testng-reports.js"></script>
    <script type="text/javascript" src="https://www.google.com/jsapi"></script>
    <script type='text/javascript'>
      google.load('visualization', '1', {packages:['table']});
      google.setOnLoadCallback(drawTable);
      var suiteTableInitFunctions = new Array();
      var suiteTableData = new Array();
    </script>
    <!--
      <script type="text/javascript" src="jquery-ui/js/jquery-ui-1.8.16.custom.min.js"></script>
     -->
  </head>

  <body>
    <div class="top-banner-root">
      <span class="top-banner-title-font">Test results</span>
      <button id="button" class="button">Switch Retro Theme</button> <!-- button -->
      <br/>
      <span class="top-banner-font-1">1 suite, 6 failed tests</span>
    </div> <!-- top-banner-root -->
    <div class="navigator-root">
      <div class="navigator-suite-header">
        <span>All suites</span>
        <a href="#" title="Collapse/expand all the suites" class="collapse-all-link">
          <img src="collapseall.gif" class="collapse-all-icon">
          </img> <!-- collapse-all-icon -->
        </a> <!-- collapse-all-link -->
      </div> <!-- navigator-suite-header -->
      <div class="suite">
        <div class="rounded-window">
          <div class="suite-header light-rounded-window-top">
            <a href="#" panel-name="suite-Suite_ajio" class="navigator-link">
              <span class="suite-name border-failed">Suite_ajio</span>
            </a> <!-- navigator-link -->
          </div> <!-- suite-header light-rounded-window-top -->
          <div class="navigator-suite-content">
            <div class="suite-section-title">
              <span>Info</span>
            </div> <!-- suite-section-title -->
            <div class="suite-section-content">
              <ul>
                <li>
                  <a href="#" panel-name="test-xml-Suite_ajio" class="navigator-link ">
                    <span>C:\Users\MB\eclipse-workspace\Maven_ajio\regression.xml</span>
                  </a> <!-- navigator-link  -->
                </li>
                <li>
                  <a href="#" panel-name="testlist-Suite_ajio" class="navigator-link ">
                    <span class="test-stats">2 tests</span>
                  </a> <!-- navigator-link  -->
                </li>
                <li>
                  <a href="#" panel-name="group-Suite_ajio" class="navigator-link ">
                    <span>0 groups</span>
                  </a> <!-- navigator-link  -->
                </li>
                <li>
                  <a href="#" panel-name="times-Suite_ajio" class="navigator-link ">
                    <span>Times</span>
                  </a> <!-- navigator-link  -->
                </li>
                <li>
                  <a href="#" panel-name="reporter-Suite_ajio" class="navigator-link ">
                    <span>Reporter output</span>
                  </a> <!-- navigator-link  -->
                </li>
                <li>
                  <a href="#" panel-name="ignored-methods-Suite_ajio" class="navigator-link ">
                    <span>Ignored methods</span>
                  </a> <!-- navigator-link  -->
                </li>
                <li>
                  <a href="#" panel-name="chronological-Suite_ajio" class="navigator-link ">
                    <span>Chronological view</span>
                  </a> <!-- navigator-link  -->
                </li>
              </ul>
            </div> <!-- suite-section-content -->
            <div class="result-section">
              <div class="suite-section-title">
                <span>Results</span>
              </div> <!-- suite-section-title -->
              <div class="suite-section-content">
                <ul>
                  <li>
                    <span class="method-stats">16 methods, 6 failed,   10 passed</span>
                  </li>
                  <li>
                    <span class="method-list-title failed">Failed methods</span>
                    <span class="show-or-hide-methods failed">
                      <a href="#" panel-name="suite-Suite_ajio" class="hide-methods failed suite-Suite_ajio"> (hide)</a> <!-- hide-methods failed suite-Suite_ajio -->
                      <a href="#" panel-name="suite-Suite_ajio" class="show-methods failed suite-Suite_ajio"> (show)</a> <!-- show-methods failed suite-Suite_ajio -->
                    </span>
                    <div class="method-list-content failed suite-Suite_ajio">
                      <span>
                        <img src="failed.png" width="3%"/>
                        <a href="#" panel-name="suite-Suite_ajio" title="test.TestNG1_homepage" class="method navigator-link" hash-for-method="VerifyCreateNewAccount">VerifyCreateNewAccount</a> <!-- method navigator-link -->
                      </span>
                      <br/>
                      <span>
                        <img src="failed.png" width="3%"/>
                        <a href="#" panel-name="suite-Suite_ajio" title="test.TestNG1_homepage" class="method navigator-link" hash-for-method="VerifyCreateNewAccount">VerifyCreateNewAccount</a> <!-- method navigator-link -->
                      </span>
                      <br/>
                      <span>
                        <img src="failed.png" width="3%"/>
                        <a href="#" panel-name="suite-Suite_ajio" title="test.TestNG2" class="method navigator-link" hash-for-method="verifyproductDetailpage">verifyproductDetailpage</a> <!-- method navigator-link -->
                      </span>
                      <br/>
                      <span>
                        <img src="failed.png" width="3%"/>
                        <a href="#" panel-name="suite-Suite_ajio" title="test.TestNG2" class="method navigator-link" hash-for-method="verifyproductDetailpage">verifyproductDetailpage</a> <!-- method navigator-link -->
                      </span>
                      <br/>
                      <span>
                        <img src="failed.png" width="3%"/>
                        <a href="#" panel-name="suite-Suite_ajio" title="test.TestNG2" class="method navigator-link" hash-for-method="verifyproductdetailpage1">verifyproductdetailpage1</a> <!-- method navigator-link -->
                      </span>
                      <br/>
                      <span>
                        <img src="failed.png" width="3%"/>
                        <a href="#" panel-name="suite-Suite_ajio" title="test.TestNG2" class="method navigator-link" hash-for-method="verifyproductdetailpage1">verifyproductdetailpage1</a> <!-- method navigator-link -->
                      </span>
                      <br/>
                    </div> <!-- method-list-content failed suite-Suite_ajio -->
                  </li>
                  <li>
                    <span class="method-list-title passed">Passed methods</span>
                    <span class="show-or-hide-methods passed">
                      <a href="#" panel-name="suite-Suite_ajio" class="hide-methods passed suite-Suite_ajio"> (hide)</a> <!-- hide-methods passed suite-Suite_ajio -->
                      <a href="#" panel-name="suite-Suite_ajio" class="show-methods passed suite-Suite_ajio"> (show)</a> <!-- show-methods passed suite-Suite_ajio -->
                    </span>
                    <div class="method-list-content passed suite-Suite_ajio">
                      <span>
                        <img src="passed.png" width="3%"/>
                        <a href="#" panel-name="suite-Suite_ajio" title="test.TestNG1_homepage" class="method navigator-link" hash-for-method="LoginWithExistingAccount">LoginWithExistingAccount</a> <!-- method navigator-link -->
                      </span>
                      <br/>
                      <span>
                        <img src="passed.png" width="3%"/>
                        <a href="#" panel-name="suite-Suite_ajio" title="test.TestNG1_homepage" class="method navigator-link" hash-for-method="LoginWithExistingAccount">LoginWithExistingAccount</a> <!-- method navigator-link -->
                      </span>
                      <br/>
                      <span>
                        <img src="passed.png" width="3%"/>
                        <a href="#" panel-name="suite-Suite_ajio" title="test.TestNG1_homepage" class="method navigator-link" hash-for-method="VerifyHomepage">VerifyHomepage</a> <!-- method navigator-link -->
                      </span>
                      <br/>
                      <span>
                        <img src="passed.png" width="3%"/>
                        <a href="#" panel-name="suite-Suite_ajio" title="test.TestNG1_homepage" class="method navigator-link" hash-for-method="VerifyHomepage">VerifyHomepage</a> <!-- method navigator-link -->
                      </span>
                      <br/>
                      <span>
                        <img src="passed.png" width="3%"/>
                        <a href="#" panel-name="suite-Suite_ajio" title="test.TestNG1_homepage" class="method navigator-link" hash-for-method="loginWithFacebookAccount">loginWithFacebookAccount</a> <!-- method navigator-link -->
                      </span>
                      <br/>
                      <span>
                        <img src="passed.png" width="3%"/>
                        <a href="#" panel-name="suite-Suite_ajio" title="test.TestNG1_homepage" class="method navigator-link" hash-for-method="loginWithFacebookAccount">loginWithFacebookAccount</a> <!-- method navigator-link -->
                      </span>
                      <br/>
                      <span>
                        <img src="passed.png" width="3%"/>
                        <a href="#" panel-name="suite-Suite_ajio" title="test.TestNG2" class="method navigator-link" hash-for-method="verifyDropDowncategories">verifyDropDowncategories</a> <!-- method navigator-link -->
                      </span>
                      <br/>
                      <span>
                        <img src="passed.png" width="3%"/>
                        <a href="#" panel-name="suite-Suite_ajio" title="test.TestNG2" class="method navigator-link" hash-for-method="verifyDropDowncategories">verifyDropDowncategories</a> <!-- method navigator-link -->
                      </span>
                      <br/>
                      <span>
                        <img src="passed.png" width="3%"/>
                        <a href="#" panel-name="suite-Suite_ajio" title="test.TestNG2" class="method navigator-link" hash-for-method="verifySearchFunctionality">verifySearchFunctionality</a> <!-- method navigator-link -->
                      </span>
                      <br/>
                      <span>
                        <img src="passed.png" width="3%"/>
                        <a href="#" panel-name="suite-Suite_ajio" title="test.TestNG2" class="method navigator-link" hash-for-method="verifySearchFunctionality">verifySearchFunctionality</a> <!-- method navigator-link -->
                      </span>
                      <br/>
                    </div> <!-- method-list-content passed suite-Suite_ajio -->
                  </li>
                </ul>
              </div> <!-- suite-section-content -->
            </div> <!-- result-section -->
          </div> <!-- navigator-suite-content -->
        </div> <!-- rounded-window -->
      </div> <!-- suite -->
    </div> <!-- navigator-root -->
    <div class="wrapper">
      <div class="main-panel-root">
        <div panel-name="suite-Suite_ajio" class="panel Suite_ajio">
          <div class="suite-Suite_ajio-class-failed">
            <div class="main-panel-header rounded-window-top">
              <img src="failed.png"/>
              <span class="class-name">test.TestNG1_homepage</span>
            </div> <!-- main-panel-header rounded-window-top -->
            <div class="main-panel-content rounded-window-bottom">
              <div class="method">
                <div class="method-content">
                  <a name="VerifyCreateNewAccount">
                  </a> <!-- VerifyCreateNewAccount -->
                  <span class="method-name">VerifyCreateNewAccount</span>
                  <div class="stack-trace">java.lang.NullPointerException: Cannot invoke &quot;org.apache.poi.ss.usermodel.Row.getCell(int)&quot; because the return value of &quot;org.apache.poi.ss.usermodel.Sheet.getRow(int)&quot; is null
	at Utils.Utility.get_ExcelData(Utility.java:37)
	at test.TestNG1_homepage.VerifyCreateNewAccount(TestNG1_homepage.java:131)
	at java.base/java.util.ArrayList.forEach(ArrayList.java:1511)
	at java.base/java.util.concurrent.FutureTask.run(FutureTask.java:264)
	at java.base/java.util.concurrent.ThreadPoolExecutor.runWorker(ThreadPoolExecutor.java:1136)
	at java.base/java.util.concurrent.ThreadPoolExecutor$Worker.run(ThreadPoolExecutor.java:635)
	at java.base/java.lang.Thread.run(Thread.java:833)
... Removed 16 stack frames
</div> <!-- stack-trace -->
                </div> <!-- method-content -->
              </div> <!-- method -->
              <div class="method">
                <div class="method-content">
                  <a name="VerifyCreateNewAccount">
                  </a> <!-- VerifyCreateNewAccount -->
                  <span class="method-name">VerifyCreateNewAccount</span>
                  <div class="stack-trace">java.lang.NullPointerException: Cannot invoke &quot;org.apache.poi.ss.usermodel.Row.getCell(int)&quot; because the return value of &quot;org.apache.poi.ss.usermodel.Sheet.getRow(int)&quot; is null
	at Utils.Utility.get_ExcelData(Utility.java:37)
	at test.TestNG1_homepage.VerifyCreateNewAccount(TestNG1_homepage.java:131)
	at java.base/java.util.ArrayList.forEach(ArrayList.java:1511)
	at java.base/java.util.concurrent.FutureTask.run(FutureTask.java:264)
	at java.base/java.util.concurrent.ThreadPoolExecutor.runWorker(ThreadPoolExecutor.java:1136)
	at java.base/java.util.concurrent.ThreadPoolExecutor$Worker.run(ThreadPoolExecutor.java:635)
	at java.base/java.lang.Thread.run(Thread.java:833)
... Removed 16 stack frames
</div> <!-- stack-trace -->
                </div> <!-- method-content -->
              </div> <!-- method -->
            </div> <!-- main-panel-content rounded-window-bottom -->
          </div> <!-- suite-Suite_ajio-class-failed -->
          <div class="suite-Suite_ajio-class-failed">
            <div class="main-panel-header rounded-window-top">
              <img src="failed.png"/>
              <span class="class-name">test.TestNG2</span>
            </div> <!-- main-panel-header rounded-window-top -->
            <div class="main-panel-content rounded-window-bottom">
              <div class="method">
                <div class="method-content">
                  <a name="verifyproductDetailpage">
                  </a> <!-- verifyproductDetailpage -->
                  <span class="method-name">verifyproductDetailpage</span>
                  <div class="stack-trace">org.openqa.selenium.NoSuchElementException: no such element: Unable to locate element: {&quot;method&quot;:&quot;xpath&quot;,&quot;selector&quot;:&quot;(//div[@class=&apos;size-swatch&apos;])[1]&quot;}
  (Session info: chrome=106.0.5249.61)
For documentation on this error, please visit: https://www.seleniumhq.org/exceptions/no_such_element.html
Build info: version: &apos;3.141.59&apos;, revision: &apos;e82be7d358&apos;, time: &apos;2018-11-14T08:17:03&apos;
System info: host: &apos;DESKTOP-BLJ7COK&apos;, ip: &apos;192.168.1.5&apos;, os.name: &apos;Windows 10&apos;, os.arch: &apos;amd64&apos;, os.version: &apos;10.0&apos;, java.version: &apos;18.0.1.1&apos;
Driver info: org.openqa.selenium.chrome.ChromeDriver
Capabilities {acceptInsecureCerts: false, browserName: chrome, browserVersion: 106.0.5249.61, chrome: {chromedriverVersion: 105.0.5195.52 (412c95e51883..., userDataDir: C:\Users\MB\AppData\Local\T...}, goog:chromeOptions: {debuggerAddress: localhost:60579}, javascriptEnabled: true, networkConnectionEnabled: false, pageLoadStrategy: normal, platform: WINDOWS, platformName: WINDOWS, proxy: Proxy(), setWindowRect: true, strictFileInteractability: false, timeouts: {implicit: 0, pageLoad: 300000, script: 30000}, unhandledPromptBehavior: dismiss and notify, webauthn:extension:credBlob: true, webauthn:extension:largeBlob: true, webauthn:virtualAuthenticators: true}
Session ID: b53b007660d7694539ca7829900e5148
*** Element info: {Using=xpath, value=(//div[@class=&apos;size-swatch&apos;])[1]}
	at org.openqa.selenium.remote.http.W3CHttpResponseCodec.createException(W3CHttpResponseCodec.java:187)
	at org.openqa.selenium.remote.http.W3CHttpResponseCodec.decode(W3CHttpResponseCodec.java:122)
	at org.openqa.selenium.remote.http.W3CHttpResponseCodec.decode(W3CHttpResponseCodec.java:49)
	at org.openqa.selenium.remote.HttpCommandExecutor.execute(HttpCommandExecutor.java:158)
	at org.openqa.selenium.remote.service.DriverCommandExecutor.execute(DriverCommandExecutor.java:83)
	at org.openqa.selenium.remote.RemoteWebDriver.execute(RemoteWebDriver.java:552)
	at org.openqa.selenium.remote.RemoteWebDriver.findElement(RemoteWebDriver.java:323)
	at org.openqa.selenium.remote.RemoteWebDriver.findElementByXPath(RemoteWebDriver.java:428)
	at org.openqa.selenium.By$ByXPath.findElement(By.java:353)
	at org.openqa.selenium.remote.RemoteWebDriver.findElement(RemoteWebDriver.java:315)
	at org.openqa.selenium.support.pagefactory.DefaultElementLocator.findElement(DefaultElementLocator.java:69)
	at org.openqa.selenium.support.pagefactory.internal.LocatingElementHandler.invoke(LocatingElementHandler.java:38)
	at jdk.proxy2/jdk.proxy2.$Proxy17.click(Unknown Source)
	at pages.ProductDetailPage_AddtoBag.ClickOnselectSizeShoe(ProductDetailPage_AddtoBag.java:62)
	at test.TestNG2.verifyproductDetailpage(TestNG2.java:177)
	at java.base/java.util.ArrayList.forEach(ArrayList.java:1511)
	at java.base/java.util.concurrent.FutureTask.run(FutureTask.java:264)
	at java.base/java.util.concurrent.ThreadPoolExecutor.runWorker(ThreadPoolExecutor.java:1136)
	at java.base/java.util.concurrent.ThreadPoolExecutor$Worker.run(ThreadPoolExecutor.java:635)
	at java.base/java.lang.Thread.run(Thread.java:833)
... Removed 19 stack frames
</div> <!-- stack-trace -->
                </div> <!-- method-content -->
              </div> <!-- method -->
              <div class="method">
                <div class="method-content">
                  <a name="verifyproductDetailpage">
                  </a> <!-- verifyproductDetailpage -->
                  <span class="method-name">verifyproductDetailpage</span>
                  <div class="stack-trace">org.openqa.selenium.NoSuchElementException: no such element: Unable to locate element: {&quot;method&quot;:&quot;xpath&quot;,&quot;selector&quot;:&quot;(//div[@class=&apos;size-swatch&apos;])[1]&quot;}
  (Session info: MicrosoftEdge=105.0.1343.53)
For documentation on this error, please visit: https://www.seleniumhq.org/exceptions/no_such_element.html
Build info: version: &apos;3.141.59&apos;, revision: &apos;e82be7d358&apos;, time: &apos;2018-11-14T08:17:03&apos;
System info: host: &apos;DESKTOP-BLJ7COK&apos;, ip: &apos;192.168.1.5&apos;, os.name: &apos;Windows 10&apos;, os.arch: &apos;amd64&apos;, os.version: &apos;10.0&apos;, java.version: &apos;18.0.1.1&apos;
Driver info: org.openqa.selenium.edge.EdgeDriver
Capabilities {acceptInsecureCerts: false, browserName: msedge, browserVersion: 105.0.1343.53, javascriptEnabled: true, ms:edgeOptions: {debuggerAddress: localhost:61149}, msedge: {msedgedriverVersion: 105.0.1343.50 (1aa39c6858bf..., userDataDir: C:\Users\MB\AppData\Local\T...}, networkConnectionEnabled: false, pageLoadStrategy: normal, platform: WINDOWS, platformName: WINDOWS, proxy: Proxy(), setWindowRect: true, strictFileInteractability: false, timeouts: {implicit: 0, pageLoad: 300000, script: 30000}, unhandledPromptBehavior: dismiss and notify, webauthn:extension:credBlob: true, webauthn:extension:largeBlob: true, webauthn:virtualAuthenticators: true}
Session ID: ffc4f2f67089efeba1aaf38fa4bd0295
*** Element info: {Using=xpath, value=(//div[@class=&apos;size-swatch&apos;])[1]}
	at org.openqa.selenium.remote.http.W3CHttpResponseCodec.createException(W3CHttpResponseCodec.java:187)
	at org.openqa.selenium.remote.http.W3CHttpResponseCodec.decode(W3CHttpResponseCodec.java:122)
	at org.openqa.selenium.remote.http.W3CHttpResponseCodec.decode(W3CHttpResponseCodec.java:49)
	at org.openqa.selenium.remote.HttpCommandExecutor.execute(HttpCommandExecutor.java:158)
	at org.openqa.selenium.remote.service.DriverCommandExecutor.execute(DriverCommandExecutor.java:83)
	at org.openqa.selenium.remote.RemoteWebDriver.execute(RemoteWebDriver.java:552)
	at org.openqa.selenium.remote.RemoteWebDriver.findElement(RemoteWebDriver.java:323)
	at org.openqa.selenium.remote.RemoteWebDriver.findElementByXPath(RemoteWebDriver.java:428)
	at org.openqa.selenium.By$ByXPath.findElement(By.java:353)
	at org.openqa.selenium.remote.RemoteWebDriver.findElement(RemoteWebDriver.java:315)
	at org.openqa.selenium.support.pagefactory.DefaultElementLocator.findElement(DefaultElementLocator.java:69)
	at org.openqa.selenium.support.pagefactory.internal.LocatingElementHandler.invoke(LocatingElementHandler.java:38)
	at jdk.proxy2/jdk.proxy2.$Proxy17.click(Unknown Source)
	at pages.ProductDetailPage_AddtoBag.ClickOnselectSizeShoe(ProductDetailPage_AddtoBag.java:62)
	at test.TestNG2.verifyproductDetailpage(TestNG2.java:177)
	at java.base/java.util.ArrayList.forEach(ArrayList.java:1511)
	at java.base/java.util.concurrent.FutureTask.run(FutureTask.java:264)
	at java.base/java.util.concurrent.ThreadPoolExecutor.runWorker(ThreadPoolExecutor.java:1136)
	at java.base/java.util.concurrent.ThreadPoolExecutor$Worker.run(ThreadPoolExecutor.java:635)
	at java.base/java.lang.Thread.run(Thread.java:833)
... Removed 19 stack frames
</div> <!-- stack-trace -->
                </div> <!-- method-content -->
              </div> <!-- method -->
              <div class="method">
                <div class="method-content">
                  <a name="verifyproductdetailpage1">
                  </a> <!-- verifyproductdetailpage1 -->
                  <span class="method-name">verifyproductdetailpage1</span>
                  <div class="stack-trace">org.openqa.selenium.NoSuchElementException: no such element: Unable to locate element: {&quot;method&quot;:&quot;xpath&quot;,&quot;selector&quot;:&quot;//div[@class=&apos;color-swatch selected&apos;]&quot;}
  (Session info: chrome=106.0.5249.61)
For documentation on this error, please visit: https://www.seleniumhq.org/exceptions/no_such_element.html
Build info: version: &apos;3.141.59&apos;, revision: &apos;e82be7d358&apos;, time: &apos;2018-11-14T08:17:03&apos;
System info: host: &apos;DESKTOP-BLJ7COK&apos;, ip: &apos;192.168.1.5&apos;, os.name: &apos;Windows 10&apos;, os.arch: &apos;amd64&apos;, os.version: &apos;10.0&apos;, java.version: &apos;18.0.1.1&apos;
Driver info: org.openqa.selenium.chrome.ChromeDriver
Capabilities {acceptInsecureCerts: false, browserName: chrome, browserVersion: 106.0.5249.61, chrome: {chromedriverVersion: 105.0.5195.52 (412c95e51883..., userDataDir: C:\Users\MB\AppData\Local\T...}, goog:chromeOptions: {debuggerAddress: localhost:60579}, javascriptEnabled: true, networkConnectionEnabled: false, pageLoadStrategy: normal, platform: WINDOWS, platformName: WINDOWS, proxy: Proxy(), setWindowRect: true, strictFileInteractability: false, timeouts: {implicit: 0, pageLoad: 300000, script: 30000}, unhandledPromptBehavior: dismiss and notify, webauthn:extension:credBlob: true, webauthn:extension:largeBlob: true, webauthn:virtualAuthenticators: true}
Session ID: b53b007660d7694539ca7829900e5148
*** Element info: {Using=xpath, value=//div[@class=&apos;color-swatch selected&apos;]}
	at org.openqa.selenium.remote.http.W3CHttpResponseCodec.createException(W3CHttpResponseCodec.java:187)
	at org.openqa.selenium.remote.http.W3CHttpResponseCodec.decode(W3CHttpResponseCodec.java:122)
	at org.openqa.selenium.remote.http.W3CHttpResponseCodec.decode(W3CHttpResponseCodec.java:49)
	at org.openqa.selenium.remote.HttpCommandExecutor.execute(HttpCommandExecutor.java:158)
	at org.openqa.selenium.remote.service.DriverCommandExecutor.execute(DriverCommandExecutor.java:83)
	at org.openqa.selenium.remote.RemoteWebDriver.execute(RemoteWebDriver.java:552)
	at org.openqa.selenium.remote.RemoteWebDriver.findElement(RemoteWebDriver.java:323)
	at org.openqa.selenium.remote.RemoteWebDriver.findElementByXPath(RemoteWebDriver.java:428)
	at org.openqa.selenium.By$ByXPath.findElement(By.java:353)
	at org.openqa.selenium.remote.RemoteWebDriver.findElement(RemoteWebDriver.java:315)
	at org.openqa.selenium.support.pagefactory.DefaultElementLocator.findElement(DefaultElementLocator.java:69)
	at org.openqa.selenium.support.pagefactory.internal.LocatingElementHandler.invoke(LocatingElementHandler.java:38)
	at jdk.proxy2/jdk.proxy2.$Proxy17.click(Unknown Source)
	at pages.ProductDetailPage_AddtoBag.ClickOnselectColour(ProductDetailPage_AddtoBag.java:58)
	at test.TestNG2.verifyproductdetailpage1(TestNG2.java:206)
	at java.base/java.util.ArrayList.forEach(ArrayList.java:1511)
	at java.base/java.util.concurrent.FutureTask.run(FutureTask.java:264)
	at java.base/java.util.concurrent.ThreadPoolExecutor.runWorker(ThreadPoolExecutor.java:1136)
	at java.base/java.util.concurrent.ThreadPoolExecutor$Worker.run(ThreadPoolExecutor.java:635)
	at java.base/java.lang.Thread.run(Thread.java:833)
... Removed 19 stack frames
</div> <!-- stack-trace -->
                </div> <!-- method-content -->
              </div> <!-- method -->
              <div class="method">
                <div class="method-content">
                  <a name="verifyproductdetailpage1">
                  </a> <!-- verifyproductdetailpage1 -->
                  <span class="method-name">verifyproductdetailpage1</span>
                  <div class="stack-trace">org.openqa.selenium.NoSuchElementException: no such element: Unable to locate element: {&quot;method&quot;:&quot;xpath&quot;,&quot;selector&quot;:&quot;//div[@class=&apos;color-swatch selected&apos;]&quot;}
  (Session info: MicrosoftEdge=105.0.1343.53)
For documentation on this error, please visit: https://www.seleniumhq.org/exceptions/no_such_element.html
Build info: version: &apos;3.141.59&apos;, revision: &apos;e82be7d358&apos;, time: &apos;2018-11-14T08:17:03&apos;
System info: host: &apos;DESKTOP-BLJ7COK&apos;, ip: &apos;192.168.1.5&apos;, os.name: &apos;Windows 10&apos;, os.arch: &apos;amd64&apos;, os.version: &apos;10.0&apos;, java.version: &apos;18.0.1.1&apos;
Driver info: org.openqa.selenium.edge.EdgeDriver
Capabilities {acceptInsecureCerts: false, browserName: msedge, browserVersion: 105.0.1343.53, javascriptEnabled: true, ms:edgeOptions: {debuggerAddress: localhost:61149}, msedge: {msedgedriverVersion: 105.0.1343.50 (1aa39c6858bf..., userDataDir: C:\Users\MB\AppData\Local\T...}, networkConnectionEnabled: false, pageLoadStrategy: normal, platform: WINDOWS, platformName: WINDOWS, proxy: Proxy(), setWindowRect: true, strictFileInteractability: false, timeouts: {implicit: 0, pageLoad: 300000, script: 30000}, unhandledPromptBehavior: dismiss and notify, webauthn:extension:credBlob: true, webauthn:extension:largeBlob: true, webauthn:virtualAuthenticators: true}
Session ID: ffc4f2f67089efeba1aaf38fa4bd0295
*** Element info: {Using=xpath, value=//div[@class=&apos;color-swatch selected&apos;]}
	at org.openqa.selenium.remote.http.W3CHttpResponseCodec.createException(W3CHttpResponseCodec.java:187)
	at org.openqa.selenium.remote.http.W3CHttpResponseCodec.decode(W3CHttpResponseCodec.java:122)
	at org.openqa.selenium.remote.http.W3CHttpResponseCodec.decode(W3CHttpResponseCodec.java:49)
	at org.openqa.selenium.remote.HttpCommandExecutor.execute(HttpCommandExecutor.java:158)
	at org.openqa.selenium.remote.service.DriverCommandExecutor.execute(DriverCommandExecutor.java:83)
	at org.openqa.selenium.remote.RemoteWebDriver.execute(RemoteWebDriver.java:552)
	at org.openqa.selenium.remote.RemoteWebDriver.findElement(RemoteWebDriver.java:323)
	at org.openqa.selenium.remote.RemoteWebDriver.findElementByXPath(RemoteWebDriver.java:428)
	at org.openqa.selenium.By$ByXPath.findElement(By.java:353)
	at org.openqa.selenium.remote.RemoteWebDriver.findElement(RemoteWebDriver.java:315)
	at org.openqa.selenium.support.pagefactory.DefaultElementLocator.findElement(DefaultElementLocator.java:69)
	at org.openqa.selenium.support.pagefactory.internal.LocatingElementHandler.invoke(LocatingElementHandler.java:38)
	at jdk.proxy2/jdk.proxy2.$Proxy17.click(Unknown Source)
	at pages.ProductDetailPage_AddtoBag.ClickOnselectColour(ProductDetailPage_AddtoBag.java:58)
	at test.TestNG2.verifyproductdetailpage1(TestNG2.java:206)
	at java.base/java.util.ArrayList.forEach(ArrayList.java:1511)
	at java.base/java.util.concurrent.FutureTask.run(FutureTask.java:264)
	at java.base/java.util.concurrent.ThreadPoolExecutor.runWorker(ThreadPoolExecutor.java:1136)
	at java.base/java.util.concurrent.ThreadPoolExecutor$Worker.run(ThreadPoolExecutor.java:635)
	at java.base/java.lang.Thread.run(Thread.java:833)
... Removed 19 stack frames
</div> <!-- stack-trace -->
                </div> <!-- method-content -->
              </div> <!-- method -->
            </div> <!-- main-panel-content rounded-window-bottom -->
          </div> <!-- suite-Suite_ajio-class-failed -->
          <div class="suite-Suite_ajio-class-passed">
            <div class="main-panel-header rounded-window-top">
              <img src="passed.png"/>
              <span class="class-name">test.TestNG1_homepage</span>
            </div> <!-- main-panel-header rounded-window-top -->
            <div class="main-panel-content rounded-window-bottom">
              <div class="method">
                <div class="method-content">
                  <a name="LoginWithExistingAccount">
                  </a> <!-- LoginWithExistingAccount -->
                  <span class="method-name">LoginWithExistingAccount</span>
                </div> <!-- method-content -->
              </div> <!-- method -->
              <div class="method">
                <div class="method-content">
                  <a name="LoginWithExistingAccount">
                  </a> <!-- LoginWithExistingAccount -->
                  <span class="method-name">LoginWithExistingAccount</span>
                </div> <!-- method-content -->
              </div> <!-- method -->
              <div class="method">
                <div class="method-content">
                  <a name="VerifyHomepage">
                  </a> <!-- VerifyHomepage -->
                  <span class="method-name">VerifyHomepage</span>
                </div> <!-- method-content -->
              </div> <!-- method -->
              <div class="method">
                <div class="method-content">
                  <a name="VerifyHomepage">
                  </a> <!-- VerifyHomepage -->
                  <span class="method-name">VerifyHomepage</span>
                </div> <!-- method-content -->
              </div> <!-- method -->
              <div class="method">
                <div class="method-content">
                  <a name="loginWithFacebookAccount">
                  </a> <!-- loginWithFacebookAccount -->
                  <span class="method-name">loginWithFacebookAccount</span>
                </div> <!-- method-content -->
              </div> <!-- method -->
              <div class="method">
                <div class="method-content">
                  <a name="loginWithFacebookAccount">
                  </a> <!-- loginWithFacebookAccount -->
                  <span class="method-name">loginWithFacebookAccount</span>
                </div> <!-- method-content -->
              </div> <!-- method -->
            </div> <!-- main-panel-content rounded-window-bottom -->
          </div> <!-- suite-Suite_ajio-class-passed -->
          <div class="suite-Suite_ajio-class-passed">
            <div class="main-panel-header rounded-window-top">
              <img src="passed.png"/>
              <span class="class-name">test.TestNG2</span>
            </div> <!-- main-panel-header rounded-window-top -->
            <div class="main-panel-content rounded-window-bottom">
              <div class="method">
                <div class="method-content">
                  <a name="verifyDropDowncategories">
                  </a> <!-- verifyDropDowncategories -->
                  <span class="method-name">verifyDropDowncategories</span>
                </div> <!-- method-content -->
              </div> <!-- method -->
              <div class="method">
                <div class="method-content">
                  <a name="verifyDropDowncategories">
                  </a> <!-- verifyDropDowncategories -->
                  <span class="method-name">verifyDropDowncategories</span>
                </div> <!-- method-content -->
              </div> <!-- method -->
              <div class="method">
                <div class="method-content">
                  <a name="verifySearchFunctionality">
                  </a> <!-- verifySearchFunctionality -->
                  <span class="method-name">verifySearchFunctionality</span>
                </div> <!-- method-content -->
              </div> <!-- method -->
              <div class="method">
                <div class="method-content">
                  <a name="verifySearchFunctionality">
                  </a> <!-- verifySearchFunctionality -->
                  <span class="method-name">verifySearchFunctionality</span>
                </div> <!-- method-content -->
              </div> <!-- method -->
            </div> <!-- main-panel-content rounded-window-bottom -->
          </div> <!-- suite-Suite_ajio-class-passed -->
        </div> <!-- panel Suite_ajio -->
        <div panel-name="test-xml-Suite_ajio" class="panel">
          <div class="main-panel-header rounded-window-top">
            <span class="header-content">C:\Users\MB\eclipse-workspace\Maven_ajio\regression.xml</span>
          </div> <!-- main-panel-header rounded-window-top -->
          <div class="main-panel-content rounded-window-bottom">
            <pre>
&lt;?xml version=&quot;1.0&quot; encoding=&quot;UTF-8&quot;?&gt;
&lt;!DOCTYPE suite SYSTEM &quot;https://testng.org/testng-1.0.dtd&quot;&gt;
&lt;suite thread-count=&quot;1&quot; parallel=&quot;tests&quot; name=&quot;Suite_ajio&quot; guice-stage=&quot;DEVELOPMENT&quot;&gt;
  &lt;test thread-count=&quot;1&quot; parallel=&quot;tests&quot; name=&quot;chromeTest&quot;&gt;
    &lt;parameter name=&quot;browser&quot; value=&quot;Chrome&quot;/&gt;
    &lt;classes&gt;
      &lt;class name=&quot;test.TestNG2&quot;/&gt;
      &lt;class name=&quot;test.TestNG1_homepage&quot;/&gt;
    &lt;/classes&gt;
  &lt;/test&gt; &lt;!-- chromeTest --&gt;
  &lt;test thread-count=&quot;1&quot; parallel=&quot;tests&quot; name=&quot;EdgeTest&quot;&gt;
    &lt;parameter name=&quot;browser&quot; value=&quot;Edge&quot;/&gt;
    &lt;classes&gt;
      &lt;class name=&quot;test.TestNG2&quot;/&gt;
      &lt;class name=&quot;test.TestNG1_homepage&quot;/&gt;
    &lt;/classes&gt;
  &lt;/test&gt; &lt;!-- EdgeTest --&gt;
&lt;/suite&gt; &lt;!-- Suite_ajio --&gt;
            </pre>
          </div> <!-- main-panel-content rounded-window-bottom -->
        </div> <!-- panel -->
        <div panel-name="testlist-Suite_ajio" class="panel">
          <div class="main-panel-header rounded-window-top">
            <span class="header-content">Tests for Suite_ajio</span>
          </div> <!-- main-panel-header rounded-window-top -->
          <div class="main-panel-content rounded-window-bottom">
            <ul>
              <li>
                <span class="test-name">chromeTest (2 classes)</span>
              </li>
              <li>
                <span class="test-name">EdgeTest (2 classes)</span>
              </li>
            </ul>
          </div> <!-- main-panel-content rounded-window-bottom -->
        </div> <!-- panel -->
        <div panel-name="group-Suite_ajio" class="panel">
          <div class="main-panel-header rounded-window-top">
            <span class="header-content">Groups for Suite_ajio</span>
          </div> <!-- main-panel-header rounded-window-top -->
          <div class="main-panel-content rounded-window-bottom">
          </div> <!-- main-panel-content rounded-window-bottom -->
        </div> <!-- panel -->
        <div panel-name="times-Suite_ajio" class="panel">
          <div class="main-panel-header rounded-window-top">
            <span class="header-content">Times for Suite_ajio</span>
          </div> <!-- main-panel-header rounded-window-top -->
          <div class="main-panel-content rounded-window-bottom">
            <div class="times-div">
              <script type="text/javascript">
suiteTableInitFunctions.push('tableData_Suite_ajio');
function tableData_Suite_ajio() {
var data = new google.visualization.DataTable();
data.addColumn('number', 'Number');
data.addColumn('string', 'Method');
data.addColumn('string', 'Class');
data.addColumn('number', 'Time (ms)');
data.addRows(16);
data.setCell(0, 0, 0)
data.setCell(0, 1, 'verifyDropDowncategories')
data.setCell(0, 2, 'test.TestNG2')
data.setCell(0, 3, 29037);
data.setCell(1, 0, 1)
data.setCell(1, 1, 'verifyproductDetailpage')
data.setCell(1, 2, 'test.TestNG2')
data.setCell(1, 3, 25793);
data.setCell(2, 0, 2)
data.setCell(2, 1, 'verifyproductDetailpage')
data.setCell(2, 2, 'test.TestNG2')
data.setCell(2, 3, 25774);
data.setCell(3, 0, 3)
data.setCell(3, 1, 'verifyproductdetailpage1')
data.setCell(3, 2, 'test.TestNG2')
data.setCell(3, 3, 20406);
data.setCell(4, 0, 4)
data.setCell(4, 1, 'verifyproductdetailpage1')
data.setCell(4, 2, 'test.TestNG2')
data.setCell(4, 3, 20349);
data.setCell(5, 0, 5)
data.setCell(5, 1, 'loginWithFacebookAccount')
data.setCell(5, 2, 'test.TestNG1_homepage')
data.setCell(5, 3, 17547);
data.setCell(6, 0, 6)
data.setCell(6, 1, 'loginWithFacebookAccount')
data.setCell(6, 2, 'test.TestNG1_homepage')
data.setCell(6, 3, 15546);
data.setCell(7, 0, 7)
data.setCell(7, 1, 'verifyDropDowncategories')
data.setCell(7, 2, 'test.TestNG2')
data.setCell(7, 3, 13798);
data.setCell(8, 0, 8)
data.setCell(8, 1, 'VerifyHomepage')
data.setCell(8, 2, 'test.TestNG1_homepage')
data.setCell(8, 3, 11275);
data.setCell(9, 0, 9)
data.setCell(9, 1, 'VerifyHomepage')
data.setCell(9, 2, 'test.TestNG1_homepage')
data.setCell(9, 3, 9438);
data.setCell(10, 0, 10)
data.setCell(10, 1, 'verifySearchFunctionality')
data.setCell(10, 2, 'test.TestNG2')
data.setCell(10, 3, 8278);
data.setCell(11, 0, 11)
data.setCell(11, 1, 'verifySearchFunctionality')
data.setCell(11, 2, 'test.TestNG2')
data.setCell(11, 3, 6971);
data.setCell(12, 0, 12)
data.setCell(12, 1, 'VerifyCreateNewAccount')
data.setCell(12, 2, 'test.TestNG1_homepage')
data.setCell(12, 3, 4988);
data.setCell(13, 0, 13)
data.setCell(13, 1, 'LoginWithExistingAccount')
data.setCell(13, 2, 'test.TestNG1_homepage')
data.setCell(13, 3, 4251);
data.setCell(14, 0, 14)
data.setCell(14, 1, 'LoginWithExistingAccount')
data.setCell(14, 2, 'test.TestNG1_homepage')
data.setCell(14, 3, 3691);
data.setCell(15, 0, 15)
data.setCell(15, 1, 'VerifyCreateNewAccount')
data.setCell(15, 2, 'test.TestNG1_homepage')
data.setCell(15, 3, 498);
window.suiteTableData['Suite_ajio']= { tableData: data, tableDiv: 'times-div-Suite_ajio'}
return data;
}
              </script>
              <span class="suite-total-time">Total running time: 3 minutes</span>
              <div id="times-div-Suite_ajio">
              </div> <!-- times-div-Suite_ajio -->
            </div> <!-- times-div -->
          </div> <!-- main-panel-content rounded-window-bottom -->
        </div> <!-- panel -->
        <div panel-name="reporter-Suite_ajio" class="panel">
          <div class="main-panel-header rounded-window-top">
            <span class="header-content">Reporter output for Suite_ajio</span>
          </div> <!-- main-panel-header rounded-window-top -->
          <div class="main-panel-content rounded-window-bottom">
          </div> <!-- main-panel-content rounded-window-bottom -->
        </div> <!-- panel -->
        <div panel-name="ignored-methods-Suite_ajio" class="panel">
          <div class="main-panel-header rounded-window-top">
            <span class="header-content">0 ignored methods</span>
          </div> <!-- main-panel-header rounded-window-top -->
          <div class="main-panel-content rounded-window-bottom">
          </div> <!-- main-panel-content rounded-window-bottom -->
        </div> <!-- panel -->
        <div panel-name="chronological-Suite_ajio" class="panel">
          <div class="main-panel-header rounded-window-top">
            <span class="header-content">Methods in chronological order</span>
          </div> <!-- main-panel-header rounded-window-top -->
          <div class="main-panel-content rounded-window-bottom">
            <div class="chronological-class">
              <div class="chronological-class-name">test.TestNG1_homepage</div> <!-- chronological-class-name -->
              <div class="configuration-test before">
                <span class="method-name">launchbrowser(Chrome)</span>
                <span class="method-start">0 ms</span>
              </div> <!-- configuration-test before -->
            </div> <!-- chronological-class -->
            <div class="chronological-class">
              <div class="chronological-class-name">test.TestNG2</div> <!-- chronological-class-name -->
              <div class="configuration-test before">
                <span class="method-name">launchbrowser(Chrome)</span>
                <span class="method-start">3134 ms</span>
              </div> <!-- configuration-test before -->
            </div> <!-- chronological-class -->
            <div class="chronological-class">
              <div class="chronological-class-name">test.TestNG1_homepage</div> <!-- chronological-class-name -->
              <div class="configuration-class before">
                <span class="method-name">createPOMobjects</span>
                <span class="method-start">4436 ms</span>
              </div> <!-- configuration-class before -->
              <div class="configuration-method before">
                <span class="method-name">beforeMethod</span>
                <span class="method-start">4523 ms</span>
              </div> <!-- configuration-method before -->
              <div class="test-method">
                <span class="method-name">VerifyHomepage</span>
                <span class="method-start">11971 ms</span>
              </div> <!-- test-method -->
              <div class="configuration-method after">
                <span class="method-name">logout([TestResult name=VerifyHomepage status=SUCCESS method=TestNG1_homepage.VerifyHomepage()[pri:1, insta...)</span>
                <span class="method-start">23259 ms</span>
              </div> <!-- configuration-method after -->
            </div> <!-- chronological-class -->
            <div class="chronological-class">
              <div class="chronological-class-name">test.TestNG2</div> <!-- chronological-class-name -->
              <div class="configuration-class before">
                <span class="method-name">createPOMobjects</span>
                <span class="method-start">23268 ms</span>
              </div> <!-- configuration-class before -->
              <div class="configuration-method before">
                <span class="method-name">beforeMethod</span>
                <span class="method-start">23324 ms</span>
              </div> <!-- configuration-method before -->
              <div class="test-method">
                <span class="method-name">verifySearchFunctionality</span>
                <span class="method-start">35142 ms</span>
              </div> <!-- test-method -->
              <div class="configuration-method after">
                <span class="method-name">logout([TestResult name=verifySearchFunctionality status=SUCCESS method=TestNG2.verifySearchFunctionality()...)</span>
                <span class="method-start">43422 ms</span>
              </div> <!-- configuration-method after -->
            </div> <!-- chronological-class -->
            <div class="chronological-class">
              <div class="chronological-class-name">test.TestNG1_homepage</div> <!-- chronological-class-name -->
              <div class="configuration-method before">
                <span class="method-name">beforeMethod</span>
                <span class="method-start">43424 ms</span>
              </div> <!-- configuration-method before -->
              <div class="test-method">
                <img src="failed.png">
                </img>
                <span class="method-name">VerifyCreateNewAccount</span>
                <span class="method-start">49648 ms</span>
              </div> <!-- test-method -->
              <div class="configuration-method after">
                <span class="method-name">logout([TestResult name=VerifyCreateNewAccount status=FAILURE method=TestNG1_homepage.VerifyCreateNewAccoun...)</span>
                <span class="method-start">54648 ms</span>
              </div> <!-- configuration-method after -->
            </div> <!-- chronological-class -->
            <div class="chronological-class">
              <div class="chronological-class-name">test.TestNG2</div> <!-- chronological-class-name -->
              <div class="configuration-method before">
                <span class="method-name">beforeMethod</span>
                <span class="method-start">54902 ms</span>
              </div> <!-- configuration-method before -->
              <div class="test-method">
                <span class="method-name">verifyDropDowncategories</span>
                <span class="method-start">61221 ms</span>
              </div> <!-- test-method -->
              <div class="configuration-method after">
                <span class="method-name">logout([TestResult name=verifyDropDowncategories status=SUCCESS method=TestNG2.verifyDropDowncategories()[p...)</span>
                <span class="method-start">90265 ms</span>
              </div> <!-- configuration-method after -->
            </div> <!-- chronological-class -->
            <div class="chronological-class">
              <div class="chronological-class-name">test.TestNG1_homepage</div> <!-- chronological-class-name -->
              <div class="configuration-method before">
                <span class="method-name">beforeMethod</span>
                <span class="method-start">90267 ms</span>
              </div> <!-- configuration-method before -->
              <div class="test-method">
                <span class="method-name">loginWithFacebookAccount</span>
                <span class="method-start">95944 ms</span>
              </div> <!-- test-method -->
              <div class="configuration-method after">
                <span class="method-name">logout([TestResult name=loginWithFacebookAccount status=SUCCESS method=TestNG1_homepage.loginWithFacebookAc...)</span>
                <span class="method-start">113492 ms</span>
              </div> <!-- configuration-method after -->
            </div> <!-- chronological-class -->
            <div class="chronological-class">
              <div class="chronological-class-name">test.TestNG2</div> <!-- chronological-class-name -->
              <div class="configuration-method before">
                <span class="method-name">beforeMethod</span>
                <span class="method-start">113493 ms</span>
              </div> <!-- configuration-method before -->
              <div class="test-method">
                <img src="failed.png">
                </img>
                <span class="method-name">verifyproductDetailpage</span>
                <span class="method-start">119078 ms</span>
              </div> <!-- test-method -->
              <div class="configuration-method after">
                <span class="method-name">logout([TestResult name=verifyproductDetailpage status=FAILURE method=TestNG2.verifyproductDetailpage()[pri...)</span>
                <span class="method-start">144855 ms</span>
              </div> <!-- configuration-method after -->
            </div> <!-- chronological-class -->
            <div class="chronological-class">
              <div class="chronological-class-name">test.TestNG1_homepage</div> <!-- chronological-class-name -->
              <div class="configuration-method before">
                <span class="method-name">beforeMethod</span>
                <span class="method-start">145083 ms</span>
              </div> <!-- configuration-method before -->
              <div class="test-method">
                <span class="method-name">LoginWithExistingAccount</span>
                <span class="method-start">150738 ms</span>
              </div> <!-- test-method -->
              <div class="configuration-method after">
                <span class="method-name">logout([TestResult name=LoginWithExistingAccount status=SUCCESS method=TestNG1_homepage.LoginWithExistingAc...)</span>
                <span class="method-start">154991 ms</span>
              </div> <!-- configuration-method after -->
              <div class="configuration-class after">
                <span class="method-name">removeObjects</span>
                <span class="method-start">154992 ms</span>
              </div> <!-- configuration-class after -->
            </div> <!-- chronological-class -->
            <div class="chronological-class">
              <div class="chronological-class-name">test.TestNG2</div> <!-- chronological-class-name -->
              <div class="configuration-method before">
                <span class="method-name">beforeMethod</span>
                <span class="method-start">154994 ms</span>
              </div> <!-- configuration-method before -->
              <div class="test-method">
                <img src="failed.png">
                </img>
                <span class="method-name">verifyproductdetailpage1</span>
                <span class="method-start">166666 ms</span>
              </div> <!-- test-method -->
              <div class="configuration-method after">
                <span class="method-name">logout([TestResult name=verifyproductdetailpage1 status=FAILURE method=TestNG2.verifyproductdetailpage1()[p...)</span>
                <span class="method-start">187018 ms</span>
              </div> <!-- configuration-method after -->
              <div class="configuration-class after">
                <span class="method-name">removeObjects</span>
                <span class="method-start">187309 ms</span>
              </div> <!-- configuration-class after -->
            </div> <!-- chronological-class -->
            <div class="chronological-class">
              <div class="chronological-class-name">test.TestNG1_homepage</div> <!-- chronological-class-name -->
              <div class="configuration-test after">
                <span class="method-name">closeBrowser</span>
                <span class="method-start">187310 ms</span>
              </div> <!-- configuration-test after -->
            </div> <!-- chronological-class -->
            <div class="chronological-class">
              <div class="chronological-class-name">test.TestNG2</div> <!-- chronological-class-name -->
              <div class="configuration-test after">
                <span class="method-name">closeBrowser</span>
                <span class="method-start">187952 ms</span>
              </div> <!-- configuration-test after -->
            </div> <!-- chronological-class -->
            <div class="chronological-class">
              <div class="chronological-class-name">test.TestNG1_homepage</div> <!-- chronological-class-name -->
              <div class="configuration-test before">
                <span class="method-name">launchbrowser(Edge)</span>
                <span class="method-start">189105 ms</span>
              </div> <!-- configuration-test before -->
            </div> <!-- chronological-class -->
            <div class="chronological-class">
              <div class="chronological-class-name">test.TestNG2</div> <!-- chronological-class-name -->
              <div class="configuration-test before">
                <span class="method-name">launchbrowser(Edge)</span>
                <span class="method-start">191659 ms</span>
              </div> <!-- configuration-test before -->
            </div> <!-- chronological-class -->
            <div class="chronological-class">
              <div class="chronological-class-name">test.TestNG1_homepage</div> <!-- chronological-class-name -->
              <div class="configuration-class before">
                <span class="method-name">createPOMobjects</span>
                <span class="method-start">194873 ms</span>
              </div> <!-- configuration-class before -->
              <div class="configuration-method before">
                <span class="method-name">beforeMethod</span>
                <span class="method-start">194877 ms</span>
              </div> <!-- configuration-method before -->
              <div class="test-method">
                <span class="method-name">VerifyHomepage</span>
                <span class="method-start">202517 ms</span>
              </div> <!-- test-method -->
              <div class="configuration-method after">
                <span class="method-name">logout([TestResult name=VerifyHomepage status=SUCCESS method=TestNG1_homepage.VerifyHomepage()[pri:1, insta...)</span>
                <span class="method-start">211957 ms</span>
              </div> <!-- configuration-method after -->
            </div> <!-- chronological-class -->
            <div class="chronological-class">
              <div class="chronological-class-name">test.TestNG2</div> <!-- chronological-class-name -->
              <div class="configuration-class before">
                <span class="method-name">createPOMobjects</span>
                <span class="method-start">211958 ms</span>
              </div> <!-- configuration-class before -->
              <div class="configuration-method before">
                <span class="method-name">beforeMethod</span>
                <span class="method-start">211963 ms</span>
              </div> <!-- configuration-method before -->
              <div class="test-method">
                <span class="method-name">verifySearchFunctionality</span>
                <span class="method-start">223626 ms</span>
              </div> <!-- test-method -->
              <div class="configuration-method after">
                <span class="method-name">logout([TestResult name=verifySearchFunctionality status=SUCCESS method=TestNG2.verifySearchFunctionality()...)</span>
                <span class="method-start">230598 ms</span>
              </div> <!-- configuration-method after -->
            </div> <!-- chronological-class -->
            <div class="chronological-class">
              <div class="chronological-class-name">test.TestNG1_homepage</div> <!-- chronological-class-name -->
              <div class="configuration-method before">
                <span class="method-name">beforeMethod</span>
                <span class="method-start">230600 ms</span>
              </div> <!-- configuration-method before -->
              <div class="test-method">
                <img src="failed.png">
                </img>
                <span class="method-name">VerifyCreateNewAccount</span>
                <span class="method-start">238450 ms</span>
              </div> <!-- test-method -->
              <div class="configuration-method after">
                <span class="method-name">logout([TestResult name=VerifyCreateNewAccount status=FAILURE method=TestNG1_homepage.VerifyCreateNewAccoun...)</span>
                <span class="method-start">238954 ms</span>
              </div> <!-- configuration-method after -->
            </div> <!-- chronological-class -->
            <div class="chronological-class">
              <div class="chronological-class-name">test.TestNG2</div> <!-- chronological-class-name -->
              <div class="configuration-method before">
                <span class="method-name">beforeMethod</span>
                <span class="method-start">239967 ms</span>
              </div> <!-- configuration-method before -->
              <div class="test-method">
                <span class="method-name">verifyDropDowncategories</span>
                <span class="method-start">244631 ms</span>
              </div> <!-- test-method -->
              <div class="configuration-method after">
                <span class="method-name">logout([TestResult name=verifyDropDowncategories status=SUCCESS method=TestNG2.verifyDropDowncategories()[p...)</span>
                <span class="method-start">258431 ms</span>
              </div> <!-- configuration-method after -->
            </div> <!-- chronological-class -->
            <div class="chronological-class">
              <div class="chronological-class-name">test.TestNG1_homepage</div> <!-- chronological-class-name -->
              <div class="configuration-method before">
                <span class="method-name">beforeMethod</span>
                <span class="method-start">258432 ms</span>
              </div> <!-- configuration-method before -->
              <div class="test-method">
                <span class="method-name">loginWithFacebookAccount</span>
                <span class="method-start">265313 ms</span>
              </div> <!-- test-method -->
              <div class="configuration-method after">
                <span class="method-name">logout([TestResult name=loginWithFacebookAccount status=SUCCESS method=TestNG1_homepage.loginWithFacebookAc...)</span>
                <span class="method-start">280861 ms</span>
              </div> <!-- configuration-method after -->
            </div> <!-- chronological-class -->
            <div class="chronological-class">
              <div class="chronological-class-name">test.TestNG2</div> <!-- chronological-class-name -->
              <div class="configuration-method before">
                <span class="method-name">beforeMethod</span>
                <span class="method-start">280862 ms</span>
              </div> <!-- configuration-method before -->
              <div class="test-method">
                <img src="failed.png">
                </img>
                <span class="method-name">verifyproductDetailpage</span>
                <span class="method-start">287908 ms</span>
              </div> <!-- test-method -->
              <div class="configuration-method after">
                <span class="method-name">logout([TestResult name=verifyproductDetailpage status=FAILURE method=TestNG2.verifyproductDetailpage()[pri...)</span>
                <span class="method-start">313702 ms</span>
              </div> <!-- configuration-method after -->
            </div> <!-- chronological-class -->
            <div class="chronological-class">
              <div class="chronological-class-name">test.TestNG1_homepage</div> <!-- chronological-class-name -->
              <div class="configuration-method before">
                <span class="method-name">beforeMethod</span>
                <span class="method-start">313877 ms</span>
              </div> <!-- configuration-method before -->
              <div class="test-method">
                <span class="method-name">LoginWithExistingAccount</span>
                <span class="method-start">318118 ms</span>
              </div> <!-- test-method -->
              <div class="configuration-method after">
                <span class="method-name">logout([TestResult name=LoginWithExistingAccount status=SUCCESS method=TestNG1_homepage.LoginWithExistingAc...)</span>
                <span class="method-start">321811 ms</span>
              </div> <!-- configuration-method after -->
              <div class="configuration-class after">
                <span class="method-name">removeObjects</span>
                <span class="method-start">321812 ms</span>
              </div> <!-- configuration-class after -->
            </div> <!-- chronological-class -->
            <div class="chronological-class">
              <div class="chronological-class-name">test.TestNG2</div> <!-- chronological-class-name -->
              <div class="configuration-method before">
                <span class="method-name">beforeMethod</span>
                <span class="method-start">321813 ms</span>
              </div> <!-- configuration-method before -->
              <div class="test-method">
                <img src="failed.png">
                </img>
                <span class="method-name">verifyproductdetailpage1</span>
                <span class="method-start">329285 ms</span>
              </div> <!-- test-method -->
              <div class="configuration-method after">
                <span class="method-name">logout([TestResult name=verifyproductdetailpage1 status=FAILURE method=TestNG2.verifyproductdetailpage1()[p...)</span>
                <span class="method-start">349693 ms</span>
              </div> <!-- configuration-method after -->
              <div class="configuration-class after">
                <span class="method-name">removeObjects</span>
                <span class="method-start">349963 ms</span>
              </div> <!-- configuration-class after -->
            </div> <!-- chronological-class -->
            <div class="chronological-class">
              <div class="chronological-class-name">test.TestNG1_homepage</div> <!-- chronological-class-name -->
              <div class="configuration-test after">
                <span class="method-name">closeBrowser</span>
                <span class="method-start">349964 ms</span>
              </div> <!-- configuration-test after -->
            </div> <!-- chronological-class -->
            <div class="chronological-class">
              <div class="chronological-class-name">test.TestNG2</div> <!-- chronological-class-name -->
              <div class="configuration-test after">
                <span class="method-name">closeBrowser</span>
                <span class="method-start">350485 ms</span>
              </div> <!-- configuration-test after -->
          </div> <!-- main-panel-content rounded-window-bottom -->
        </div> <!-- panel -->
      </div> <!-- main-panel-root -->
    </div> <!-- wrapper -->
  </body>
<script type="text/javascript" src="testng-reports2.js"></script>
</html>
