<?xml version="1.0" encoding="UTF-8"?>
<!-- Generated by org.testng.reporters.JUnitXMLReporter -->
<testsuite ignored="0" hostname="DESKTOP-BLJ7COK" failures="0" tests="4" name="Default test" time="0.142" errors="0" timestamp="2022-09-30T01:43:05 IST">
  <testcase classname="test.TestNG1_homepage" name="@BeforeTest launchbrowser" time="-1.664482384857E9">
    <failure type="org.testng.TestNGException" message="
Parameter &amp;apos;browser&amp;apos; is required by BeforeTest on method launchbrowser but has not been marked @Optional or defined
in C:\Users\MB\AppData\Local\Temp\testng-eclipse--922997757\testng-customsuite.xml">
      <![CDATA[org.testng.TestNGException: 
Parameter 'browser' is required by BeforeTest on method launchbrowser but has not been marked @Optional or defined
in C:\Users\MB\AppData\Local\Temp\testng-eclipse--922997757\testng-customsuite.xml
at org.testng.internal.Parameters.createParams(Parameters.java:270)
at org.testng.internal.Parameters.createParametersForMethod(Parameters.java:358)
at org.testng.internal.Parameters.createParameters(Parameters.java:700)
at org.testng.internal.Parameters.createConfigurationParameters(Parameters.java:168)
at org.testng.internal.ConfigInvoker.invokeConfigurations(ConfigInvoker.java:302)
at org.testng.TestRunner.invokeTestConfigurations(TestRunner.java:637)
at org.testng.TestRunner.beforeRun(TestRunner.java:627)
at org.testng.TestRunner.run(TestRunner.java:589)
at org.testng.SuiteRunner.runTest(SuiteRunner.java:377)
at org.testng.SuiteRunner.runSequentially(SuiteRunner.java:371)
at org.testng.SuiteRunner.privateRun(SuiteRunner.java:332)
at org.testng.SuiteRunner.run(SuiteRunner.java:276)
at org.testng.SuiteRunnerWorker.runSuite(SuiteRunnerWorker.java:53)
at org.testng.SuiteRunnerWorker.run(SuiteRunnerWorker.java:96)
at org.testng.TestNG.runSuitesSequentially(TestNG.java:1212)
at org.testng.TestNG.runSuitesLocally(TestNG.java:1134)
at org.testng.TestNG.runSuites(TestNG.java:1063)
at org.testng.TestNG.run(TestNG.java:1031)
at org.testng.remote.AbstractRemoteTestNG.run(AbstractRemoteTestNG.java:115)
at org.testng.remote.RemoteTestNG.initAndRun(RemoteTestNG.java:251)
at org.testng.remote.RemoteTestNG.main(RemoteTestNG.java:77)
]]>
    </failure>
  </testcase> <!-- @BeforeTest launchbrowser -->
  <testcase classname="test.TestNG1_homepage" name="@BeforeClass createPOMobjects" time="-1.664482384905E9">
    <skipped/>
  </testcase> <!-- @BeforeClass createPOMobjects -->
  <testcase classname="test.TestNG1_homepage" name="@BeforeMethod beforeMethod" time="-1.664482384925E9">
    <skipped/>
  </testcase> <!-- @BeforeMethod beforeMethod -->
  <testcase classname="test.TestNG1_homepage" name="@AfterMethod logout" time="-1.664482384935E9">
    <skipped/>
  </testcase> <!-- @AfterMethod logout -->
  <testcase classname="test.TestNG1_homepage" name="@BeforeMethod beforeMethod" time="-1.664482384942E9">
    <skipped/>
  </testcase> <!-- @BeforeMethod beforeMethod -->
  <testcase classname="test.TestNG1_homepage" name="@AfterMethod logout" time="-1.664482384948E9">
    <skipped/>
  </testcase> <!-- @AfterMethod logout -->
  <testcase classname="test.TestNG1_homepage" name="@BeforeMethod beforeMethod" time="-1.66448238495E9">
    <skipped/>
  </testcase> <!-- @BeforeMethod beforeMethod -->
  <testcase classname="test.TestNG1_homepage" name="@AfterMethod logout" time="-1.664482384964E9">
    <skipped/>
  </testcase> <!-- @AfterMethod logout -->
  <testcase classname="test.TestNG1_homepage" name="@BeforeMethod beforeMethod" time="-1.664482384966E9">
    <skipped/>
  </testcase> <!-- @BeforeMethod beforeMethod -->
  <testcase classname="test.TestNG1_homepage" name="@AfterMethod logout" time="-1.664482384977E9">
    <skipped/>
  </testcase> <!-- @AfterMethod logout -->
  <testcase classname="test.TestNG1_homepage" name="@AfterClass removeObjects" time="-1.66448238498E9">
    <skipped/>
  </testcase> <!-- @AfterClass removeObjects -->
  <testcase classname="test.TestNG1_homepage" name="@AfterTest closeBrowser" time="-1.664482384982E9">
    <skipped/>
  </testcase> <!-- @AfterTest closeBrowser -->
  <testcase classname="test.TestNG1_homepage" name="VerifyHomepage" time="0.0">
    <skipped/>
  </testcase> <!-- VerifyHomepage -->
  <testcase classname="test.TestNG1_homepage" name="VerifyCreateNewAccount" time="0.0">
    <skipped/>
  </testcase> <!-- VerifyCreateNewAccount -->
  <testcase classname="test.TestNG1_homepage" name="loginWithFacebookAccount" time="0.0">
    <skipped/>
  </testcase> <!-- loginWithFacebookAccount -->
  <testcase classname="test.TestNG1_homepage" name="LoginWithExistingAccount" time="0.0">
    <skipped/>
  </testcase> <!-- LoginWithExistingAccount -->
</testsuite> <!-- Default test -->
