<?xml version="1.0" encoding="UTF-8"?>
<!-- Generated by org.testng.reporters.JUnitXMLReporter -->
<testsuite ignored="0" hostname="DESKTOP-BLJ7COK" failures="2" tests="8" name="Test_ajio" time="138.306" errors="0" timestamp="2022-09-24T15:32:34 IST">
  <testcase classname="test.TestNG2" name="verifySearchFunctionality" time="7.904"/>
  <testcase classname="test.TestNG2" name="verifyDropDowncategories" time="29.445"/>
  <testcase classname="test.TestNG2" name="verifyproductDetailpage" time="11.634"/>
  <testcase classname="test.TestNG2" name="verifyproductdetailpage1" time="10.091"/>
  <testcase classname="test.TestNG1_homepage" name="VerifyHomepage" time="9.173">
    <failure type="java.lang.AssertionError" message="The following asserts failed:
	expected [Online Shopping for Women, Men, Kids � Clothing, Footwear | AJIO] but found [Online Shopping for Women, Men, Kids – Clothing, Footwear | AJIO]">
      <![CDATA[java.lang.AssertionError: The following asserts failed:
expected [Online Shopping for Women, Men, Kids � Clothing, Footwear | AJIO] but found [Online Shopping for Women, Men, Kids – Clothing, Footwear | AJIO]
at test.TestNG1_homepage.VerifyHomepage(TestNG1_homepage.java:95)
at java.base/java.util.ArrayList.forEach(ArrayList.java:1511)
... Removed 27 stack frames]]>
    </failure>
  </testcase> <!-- VerifyHomepage -->
  <testcase classname="test.TestNG1_homepage" name="VerifyCreateNewAccount" time="2.648">
    <failure type="java.lang.AssertionError" message="The following asserts failed:
	radio button is already selected expected [true] but found [false],
	name field not enable.. click it expected [false] but found [true]">
      <![CDATA[java.lang.AssertionError: The following asserts failed:
radio button is already selected expected [true] but found [false],
name field not enable.. click it expected [false] but found [true]
at test.TestNG1_homepage.VerifyCreateNewAccount(TestNG1_homepage.java:134)
at java.base/java.util.ArrayList.forEach(ArrayList.java:1511)
... Removed 27 stack frames]]>
    </failure>
  </testcase> <!-- VerifyCreateNewAccount -->
  <testcase classname="test.TestNG1_homepage" name="loginWithFacebookAccount" time="16.397"/>
  <testcase classname="test.TestNG1_homepage" name="LoginWithExistingAccount" time="3.679"/>
</testsuite> <!-- Test_ajio -->
